
[apic]# ./installAnalytics.sh 
Set analytics system properties

DEBU[0000] migration of apiconnect-up yaml file not required 
DEBU[0000] generating CA analytics-ca                   
DEBU[0000] generating certificate analytics-client-ingress 
DEBU[0000] generating certificate analytics-ingestion-ingress 
DEBU[0000] generating certificate service-client        
DEBU[0000] generating certificate service-server        
DEBU[0001] expected key usages: []                      
DEBU[0001] expected key usages: [2]                     
DEBU[0001] expected key usages: [2]                     
DEBU[0001] expected key usages: [2]                     
DEBU[0001] expected key usages: [1]                     
DEBU[0001] processing validation for secret: analytics-ingestion-client 
DEBU[0001] processing validation for secret: mgmt-db-ca 
DEBU[0001] processing validation for secret: portal-client 
DEBU[0001] processing validation for secret: analytics-ca 
DEBU[0001] processing validation for secret: analytics-client-ingress 
DEBU[0001] processing validation for secret: service-server 
DEBU[0001] processing validation for secret: root-ca    
DEBU[0001] processing validation for secret: analytics-client-client 
DEBU[0001] processing validation for secret: ingress-ca 
DEBU[0001] processing validation for secret: analytics-ingestion-ingress 
DEBU[0001] processing validation for secret: service-client 
DEBU[0001] secret def {map[ca.crt:[{ca analytics-client-ingress}] client.crt:[{certificate analytics-client-client}] tls.crt:[{certificate analytics-client-ingress}] tls.key:[{key analytics-client-ingress}]] tls } 
DEBU[0001] Building secret client-tls                   
DEBU[0001] adding key analytics-client-ingress          
DEBU[0001] adding ca analytics-client-ingress           
DEBU[0001] adding certificate analytics-client-client   
DEBU[0001] adding certificate analytics-client-ingress  
DEBU[0001] secret def {map[ca.crt:[{ca analytics-ingestion-ingress}] client.crt:[{certificate analytics-ingestion-client}] tls.crt:[{certificate analytics-ingestion-ingress}] tls.key:[{key analytics-ingestion-ingress}]] tls } 
DEBU[0001] Building secret ingestion-tls                
DEBU[0001] adding certificate analytics-ingestion-client 
DEBU[0001] adding certificate analytics-ingestion-ingress 
DEBU[0001] adding key analytics-ingestion-ingress       
DEBU[0001] adding ca analytics-ingestion-ingress        
DEBU[0001] secret def {map[password.txt:[] analytics-client_client_private.key.pem:[{key service-client}] analytics-client_client_public.cert.pem:[{certificate service-client}] analytics-client_private.key.pem:[{key service-server}] analytics-client_public.cert.pem:[{certificate service-server}] cacert.pem:[{ca service-client}]]  } 
DEBU[0001] Building secret analytics-client-velox-certs 
DEBU[0001] adding key service-client                    
DEBU[0001] adding certificate service-client            
DEBU[0001] adding key service-server                    
DEBU[0001] adding certificate service-server            
DEBU[0001] adding ca service-client                     
DEBU[0001] secret def {map[password.txt:[] analytics-ingestion_client_private.key.pem:[{key service-client}] analytics-ingestion_client_public.cert.pem:[{certificate service-client}] analytics-ingestion_private.key.pem:[{key service-server}] analytics-ingestion_public.cert.pem:[{certificate service-server}] cacert.pem:[{ca service-client}]]  } 
DEBU[0001] Building secret analytics-ingestion-velox-certs 
DEBU[0001] adding key service-client                    
DEBU[0001] adding certificate service-client            
DEBU[0001] adding key service-server                    
DEBU[0001] adding certificate service-server            
DEBU[0001] adding ca service-client                     
DEBU[0001] secret def {map[cacert.pem:[{ca service-client}] password.txt:[] analytics-mq-kafka_client_private.key.pem:[{key service-client}] analytics-mq-kafka_client_public.cert.pem:[{certificate service-client}] analytics-mq-kafka_private.key.pem:[{key service-server}] analytics-mq-kafka_public.cert.pem:[{certificate service-server}]]  } 
DEBU[0001] Building secret analytics-mq-kafka-velox-certs 
DEBU[0001] adding certificate service-server            
DEBU[0001] adding ca service-client                     
DEBU[0001] adding key service-client                    
DEBU[0001] adding certificate service-client            
DEBU[0001] adding key service-server                    
DEBU[0001] secret def {map[analytics-mq-zookeeper_client_private.key.pem:[{key service-client}] analytics-mq-zookeeper_client_public.cert.pem:[{certificate service-client}] analytics-mq-zookeeper_private.key.pem:[{key service-server}] analytics-mq-zookeeper_public.cert.pem:[{certificate service-server}] cacert.pem:[{ca service-client}] password.txt:[]]  } 
DEBU[0001] Building secret analytics-mq-zookeeper-velox-certs 
DEBU[0001] adding key service-client                    
DEBU[0001] adding certificate service-client            
DEBU[0001] adding key service-server                    
DEBU[0001] adding certificate service-server            
DEBU[0001] adding ca service-client                     
DEBU[0001] secret def {map[analytics-operator_client_private.key.pem:[{key service-client}] analytics-operator_client_public.cert.pem:[{certificate service-client}] analytics-operator_private.key.pem:[{key service-server}] analytics-operator_public.cert.pem:[{certificate service-server}] cacert.pem:[{ca service-client}] password.txt:[]]  } 
DEBU[0001] Building secret analytics-operator-velox-certs 
DEBU[0001] adding key service-client                    
DEBU[0001] adding certificate service-client            
DEBU[0001] adding key service-server                    
DEBU[0001] adding certificate service-server            
DEBU[0001] adding ca service-client                     
DEBU[0001] secret def {map[analytics-storage_public.cert.pem:[{certificate service-server}] cacert.pem:[{ca service-client}] password.txt:[] analytics-storage_client_private.key.pem:[{key service-client}] analytics-storage_client_public.cert.pem:[{certificate service-client}] analytics-storage_private.key.pem:[{key service-server}]]  } 
DEBU[0001] Building secret analytics-storage-velox-certs 
DEBU[0001] adding certificate service-server            
DEBU[0001] adding ca service-client                     
DEBU[0001] adding key service-client                    
DEBU[0001] adding certificate service-client            
DEBU[0001] adding key service-server                    
DEBU[0001] Unknown key enable-persistence               
DEBU[0000] migration of apiconnect-up yaml file not required 
DEBU[0000] Creating temp plan in /tmp/subsys-install-plan717077924 
DEBU[0000] expected key usages: []                      
DEBU[0000] expected key usages: [2]                     
DEBU[0000] expected key usages: [2]                     
DEBU[0000] expected key usages: [2]                     
DEBU[0000] expected key usages: [1]                     
DEBU[0000] expected key usages: []                      
DEBU[0000] expected key usages: [2]                     
DEBU[0000] expected key usages: [2]                     
DEBU[0000] expected key usages: [2]                     
DEBU[0000] expected key usages: [1]                     
DEBU[0000] processing validation for secret: analytics-ingestion-ingress 
DEBU[0000] processing validation for secret: service-client 
DEBU[0000] processing validation for secret: analytics-ingestion-client 
DEBU[0000] processing validation for secret: ingress-ca 
DEBU[0000] processing validation for secret: analytics-ca 
DEBU[0000] processing validation for secret: portal-client 
DEBU[0000] processing validation for secret: analytics-client-ingress 
DEBU[0000] processing validation for secret: service-server 
DEBU[0000] processing validation for secret: root-ca    
DEBU[0000] processing validation for secret: analytics-client-client 
DEBU[0000] processing validation for secret: mgmt-db-ca 
DEBU[0000] secret def {map[ca.crt:[{ca analytics-client-ingress}] client.crt:[{certificate analytics-client-client}] tls.crt:[{certificate analytics-client-ingress}] tls.key:[{key analytics-client-ingress}]] tls } 
DEBU[0000] Building secret client-tls                   
DEBU[0000] adding certificate analytics-client-ingress  
DEBU[0000] adding key analytics-client-ingress          
DEBU[0000] adding ca analytics-client-ingress           
DEBU[0000] adding certificate analytics-client-client   
DEBU[0000] secret def {map[ca.crt:[{ca analytics-ingestion-ingress}] client.crt:[{certificate analytics-ingestion-client}] tls.crt:[{certificate analytics-ingestion-ingress}] tls.key:[{key analytics-ingestion-ingress}]] tls } 
DEBU[0000] Building secret ingestion-tls                
DEBU[0000] adding ca analytics-ingestion-ingress        
DEBU[0000] adding certificate analytics-ingestion-client 
DEBU[0000] adding certificate analytics-ingestion-ingress 
DEBU[0000] adding key analytics-ingestion-ingress       
DEBU[0000] secret def {map[analytics-client_public.cert.pem:[{certificate service-server}] cacert.pem:[{ca service-client}] password.txt:[] analytics-client_client_private.key.pem:[{key service-client}] analytics-client_client_public.cert.pem:[{certificate service-client}] analytics-client_private.key.pem:[{key service-server}]]  } 
DEBU[0000] Building secret analytics-client-velox-certs 
DEBU[0000] adding key service-client                    
DEBU[0000] adding certificate service-client            
DEBU[0000] adding key service-server                    
DEBU[0000] adding certificate service-server            
DEBU[0000] adding ca service-client                     
DEBU[0000] secret def {map[analytics-ingestion_public.cert.pem:[{certificate service-server}] cacert.pem:[{ca service-client}] password.txt:[] analytics-ingestion_client_private.key.pem:[{key service-client}] analytics-ingestion_client_public.cert.pem:[{certificate service-client}] analytics-ingestion_private.key.pem:[{key service-server}]]  } 
DEBU[0000] Building secret analytics-ingestion-velox-certs 
DEBU[0000] adding certificate service-server            
DEBU[0000] adding ca service-client                     
DEBU[0000] adding key service-client                    
DEBU[0000] adding certificate service-client            
DEBU[0000] adding key service-server                    
DEBU[0000] secret def {map[analytics-mq-kafka_client_private.key.pem:[{key service-client}] analytics-mq-kafka_client_public.cert.pem:[{certificate service-client}] analytics-mq-kafka_private.key.pem:[{key service-server}] analytics-mq-kafka_public.cert.pem:[{certificate service-server}] cacert.pem:[{ca service-client}] password.txt:[]]  } 
DEBU[0000] Building secret analytics-mq-kafka-velox-certs 
DEBU[0000] adding ca service-client                     
DEBU[0000] adding key service-client                    
DEBU[0000] adding certificate service-client            
DEBU[0000] adding key service-server                    
DEBU[0000] adding certificate service-server            
DEBU[0000] secret def {map[analytics-mq-zookeeper_client_private.key.pem:[{key service-client}] analytics-mq-zookeeper_client_public.cert.pem:[{certificate service-client}] analytics-mq-zookeeper_private.key.pem:[{key service-server}] analytics-mq-zookeeper_public.cert.pem:[{certificate service-server}] cacert.pem:[{ca service-client}] password.txt:[]]  } 
DEBU[0000] Building secret analytics-mq-zookeeper-velox-certs 
DEBU[0000] adding key service-client                    
DEBU[0000] adding certificate service-client            
DEBU[0000] adding key service-server                    
DEBU[0000] adding certificate service-server            
DEBU[0000] adding ca service-client                     
DEBU[0000] secret def {map[password.txt:[] analytics-operator_client_private.key.pem:[{key service-client}] analytics-operator_client_public.cert.pem:[{certificate service-client}] analytics-operator_private.key.pem:[{key service-server}] analytics-operator_public.cert.pem:[{certificate service-server}] cacert.pem:[{ca service-client}]]  } 
DEBU[0000] Building secret analytics-operator-velox-certs 
DEBU[0000] adding key service-server                    
DEBU[0000] adding certificate service-server            
DEBU[0000] adding ca service-client                     
DEBU[0000] adding key service-client                    
DEBU[0000] adding certificate service-client            
DEBU[0000] secret def {map[password.txt:[] analytics-storage_client_private.key.pem:[{key service-client}] analytics-storage_client_public.cert.pem:[{certificate service-client}] analytics-storage_private.key.pem:[{key service-server}] analytics-storage_public.cert.pem:[{certificate service-server}] cacert.pem:[{ca service-client}]]  } 
DEBU[0000] Building secret analytics-storage-velox-certs 
DEBU[0000] adding key service-client                    
DEBU[0000] adding certificate service-client            
DEBU[0000] adding key service-server                    
DEBU[0000] adding certificate service-server            
DEBU[0000] adding ca service-client                     
DEBU[0000] Unknown key enable-persistence               
DEBU[0000] Executing plan /tmp/subsys-install-plan717077924 
DEBU[0001] Running helm ls                              
⠦  Beginning installation DEBU[0006] helm ls: [r31f4a26f5e r554d996560 r5d88581ca1 rc4ea5d1d3e ] 
⠙  Beginning installation DEBU[0011] concatHash for apic-analytics is 08a28cf536ea058e5ae1fac1afffed9bf5f677a3a530a3bc3be004af8de6d829:7938ce8bd2043a23bb8cbef2067ebd044286bf7e8aa5bf7a21c497d4b4c06487 
DEBU[0011] appliedConcatHash for apic-analytics is      
DEBU[0011] Known helm deployments: [r31f4a26f5e r554d996560 r5d88581ca1 rc4ea5d1d3e ] 
DEBU[0011] New install/update r1a68a36b02               
DEBU[0011] Installing chart apic-analytics              
DEBU[0011] [helm install /tmp/subsys-install-plan717077924/helm/apic-analytics --name=r1a68a36b02 --namespace=apiconnect --values=/tmp/subsys-install-plan717077924/values/apic-analytics.yml] 
⠦  Installing chart apic-analytics DEBU[0012] Wait conditions for apic-analytics: [map[name:Analytics client svc:r1a68a36b02-analytics-client type:service] map[name:Analytics ingestion svc:r1a68a36b02-analytics-ingestion type:service] map[name:Analytics storage svc:r1a68a36b02-analytics-storage type:service]] 
Installed chart apic-analytics
DEBU[0012] Running helm ls                              
⠧    Wait for Analytics client service to come online... DEBU[0018] helm ls: [r1a68a36b02 r31f4a26f5e r554d996560 r5d88581ca1 rc4ea5d1d3e ] 
DEBU[0018] concatHash for apic-analytics is 08a28cf536ea058e5ae1fac1afffed9bf5f677a3a530a3bc3be004af8de6d829:7938ce8bd2043a23bb8cbef2067ebd044286bf7e8aa5bf7a21c497d4b4c06487 
DEBU[0018] appliedConcatHash for apic-analytics is 08a28cf536ea058e5ae1fac1afffed9bf5f677a3a530a3bc3be004af8de6d829:7938ce8bd2043a23bb8cbef2067ebd044286bf7e8aa5bf7a21c497d4b4c06487 
DEBU[0018] Wait conditions for apic-analytics: [map[name:Analytics client svc:r1a68a36b02-analytics-client type:service] map[type:service name:Analytics ingestion svc:r1a68a36b02-analytics-ingestion] map[name:Analytics storage svc:r1a68a36b02-analytics-storage type:service]] 
⠹    Wait for Analytics client service to come online... DEBU[0021] concatHash for apic-analytics is 08a28cf536ea058e5ae1fac1afffed9bf5f677a3a530a3bc3be004af8de6d829:7938ce8bd2043a23bb8cbef2067ebd044286bf7e8aa5bf7a21c497d4b4c06487 
DEBU[0021] appliedConcatHash for apic-analytics is 08a28cf536ea058e5ae1fac1afffed9bf5f677a3a530a3bc3be004af8de6d829:7938ce8bd2043a23bb8cbef2067ebd044286bf7e8aa5bf7a21c497d4b4c06487 
DEBU[0021] Wait conditions for apic-analytics: [map[name:Analytics client svc:r1a68a36b02-analytics-client type:service] map[name:Analytics ingestion svc:r1a68a36b02-analytics-ingestion type:service] map[name:Analytics storage svc:r1a68a36b02-analytics-storage type:service]] 
⠧    Wait for Analytics client service to come online... DEBU[0026] concatHash for apic-analytics is 08a28cf536ea058e5ae1fac1afffed9bf5f677a3a530a3bc3be004af8de6d829:7938ce8bd2043a23bb8cbef2067ebd044286bf7e8aa5bf7a21c497d4b4c06487 
DEBU[0026] appliedConcatHash for apic-analytics is 08a28cf536ea058e5ae1fac1afffed9bf5f677a3a530a3bc3be004af8de6d829:7938ce8bd2043a23bb8cbef2067ebd044286bf7e8aa5bf7a21c497d4b4c06487 
DEBU[0026] Wait conditions for apic-analytics: [map[name:Analytics client svc:r1a68a36b02-analytics-client type:service] map[name:Analytics ingestion svc:r1a68a36b02-analytics-ingestion type:service] map[name:Analytics storage svc:r1a68a36b02-analytics-storage type:service]] 
⠹    Wait for Analytics client service to come online... DEBU[0031] concatHash for apic-analytics is 08a28cf536ea058e5ae1fac1afffed9bf5f677a3a530a3bc3be004af8de6d829:7938ce8bd2043a23bb8cbef2067ebd044286bf7e8aa5bf7a21c497d4b4c06487 
DEBU[0031] appliedConcatHash for apic-analytics is 08a28cf536ea058e5ae1fac1afffed9bf5f677a3a530a3bc3be004af8de6d829:7938ce8bd2043a23bb8cbef2067ebd044286bf7e8aa5bf7a21c497d4b4c06487 
DEBU[0031] Wait conditions for apic-analytics: [map[name:Analytics client svc:r1a68a36b02-analytics-client type:service] map[name:Analytics ingestion svc:r1a68a36b02-analytics-ingestion type:service] map[type:service name:Analytics storage svc:r1a68a36b02-analytics-storage]] 
⠧    Wait for Analytics client service to come online... DEBU[0036] concatHash for apic-analytics is 08a28cf536ea058e5ae1fac1afffed9bf5f677a3a530a3bc3be004af8de6d829:7938ce8bd2043a23bb8cbef2067ebd044286bf7e8aa5bf7a21c497d4b4c06487 
DEBU[0036] appliedConcatHash for apic-analytics is 08a28cf536ea058e5ae1fac1afffed9bf5f677a3a530a3bc3be004af8de6d829:7938ce8bd2043a23bb8cbef2067ebd044286bf7e8aa5bf7a21c497d4b4c06487 
DEBU[0036] Wait conditions for apic-analytics: [map[name:Analytics client svc:r1a68a36b02-analytics-client type:service] map[name:Analytics ingestion svc:r1a68a36b02-analytics-ingestion type:service] map[name:Analytics storage svc:r1a68a36b02-analytics-storage type:service]] 
⠹    Wait for Analytics client service to come online... DEBU[0041] concatHash for apic-analytics is 08a28cf536ea058e5ae1fac1afffed9bf5f677a3a530a3bc3be004af8de6d829:7938ce8bd2043a23bb8cbef2067ebd044286bf7e8aa5bf7a21c497d4b4c06487 
DEBU[0041] appliedConcatHash for apic-analytics is 08a28cf536ea058e5ae1fac1afffed9bf5f677a3a530a3bc3be004af8de6d829:7938ce8bd2043a23bb8cbef2067ebd044286bf7e8aa5bf7a21c497d4b4c06487 
DEBU[0041] Wait conditions for apic-analytics: [map[type:service name:Analytics client svc:r1a68a36b02-analytics-client] map[name:Analytics ingestion svc:r1a68a36b02-analytics-ingestion type:service] map[svc:r1a68a36b02-analytics-storage type:service name:Analytics storage]] 
⠧    Wait for Analytics client service to come online... DEBU[0046] concatHash for apic-analytics is 08a28cf536ea058e5ae1fac1afffed9bf5f677a3a530a3bc3be004af8de6d829:7938ce8bd2043a23bb8cbef2067ebd044286bf7e8aa5bf7a21c497d4b4c06487 
DEBU[0046] appliedConcatHash for apic-analytics is 08a28cf536ea058e5ae1fac1afffed9bf5f677a3a530a3bc3be004af8de6d829:7938ce8bd2043a23bb8cbef2067ebd044286bf7e8aa5bf7a21c497d4b4c06487 
DEBU[0046] Wait conditions for apic-analytics: [map[name:Analytics client svc:r1a68a36b02-analytics-client type:service] map[name:Analytics ingestion svc:r1a68a36b02-analytics-ingestion type:service] map[name:Analytics storage svc:r1a68a36b02-analytics-storage type:service]] 
⠹    Wait for Analytics client service to come online... DEBU[0051] concatHash for apic-analytics is 08a28cf536ea058e5ae1fac1afffed9bf5f677a3a530a3bc3be004af8de6d829:7938ce8bd2043a23bb8cbef2067ebd044286bf7e8aa5bf7a21c497d4b4c06487 
DEBU[0051] appliedConcatHash for apic-analytics is 08a28cf536ea058e5ae1fac1afffed9bf5f677a3a530a3bc3be004af8de6d829:7938ce8bd2043a23bb8cbef2067ebd044286bf7e8aa5bf7a21c497d4b4c06487 
DEBU[0051] Wait conditions for apic-analytics: [map[name:Analytics client svc:r1a68a36b02-analytics-client type:service] map[name:Analytics ingestion svc:r1a68a36b02-analytics-ingestion type:service] map[type:service name:Analytics storage svc:r1a68a36b02-analytics-storage]] 
⠧    Wait for Analytics client service to come online... DEBU[0056] concatHash for apic-analytics is 08a28cf536ea058e5ae1fac1afffed9bf5f677a3a530a3bc3be004af8de6d829:7938ce8bd2043a23bb8cbef2067ebd044286bf7e8aa5bf7a21c497d4b4c06487 
DEBU[0056] appliedConcatHash for apic-analytics is 08a28cf536ea058e5ae1fac1afffed9bf5f677a3a530a3bc3be004af8de6d829:7938ce8bd2043a23bb8cbef2067ebd044286bf7e8aa5bf7a21c497d4b4c06487 
DEBU[0056] Wait conditions for apic-analytics: [map[name:Analytics client svc:r1a68a36b02-analytics-client type:service] map[svc:r1a68a36b02-analytics-ingestion type:service name:Analytics ingestion] map[name:Analytics storage svc:r1a68a36b02-analytics-storage type:service]] 
⠹    Wait for Analytics client service to come online... DEBU[0061] concatHash for apic-analytics is 08a28cf536ea058e5ae1fac1afffed9bf5f677a3a530a3bc3be004af8de6d829:7938ce8bd2043a23bb8cbef2067ebd044286bf7e8aa5bf7a21c497d4b4c06487 
DEBU[0061] appliedConcatHash for apic-analytics is 08a28cf536ea058e5ae1fac1afffed9bf5f677a3a530a3bc3be004af8de6d829:7938ce8bd2043a23bb8cbef2067ebd044286bf7e8aa5bf7a21c497d4b4c06487 
DEBU[0061] Wait conditions for apic-analytics: [map[name:Analytics client svc:r1a68a36b02-analytics-client type:service] map[name:Analytics ingestion svc:r1a68a36b02-analytics-ingestion type:service] map[name:Analytics storage svc:r1a68a36b02-analytics-storage type:service]] 
⠧    Wait for Analytics client service to come online... DEBU[0066] concatHash for apic-analytics is 08a28cf536ea058e5ae1fac1afffed9bf5f677a3a530a3bc3be004af8de6d829:7938ce8bd2043a23bb8cbef2067ebd044286bf7e8aa5bf7a21c497d4b4c06487 
DEBU[0066] appliedConcatHash for apic-analytics is 08a28cf536ea058e5ae1fac1afffed9bf5f677a3a530a3bc3be004af8de6d829:7938ce8bd2043a23bb8cbef2067ebd044286bf7e8aa5bf7a21c497d4b4c06487 
DEBU[0066] Wait conditions for apic-analytics: [map[name:Analytics client svc:r1a68a36b02-analytics-client type:service] map[name:Analytics ingestion svc:r1a68a36b02-analytics-ingestion type:service] map[name:Analytics storage svc:r1a68a36b02-analytics-storage type:service]] 
⠹    Wait for Analytics client service to come online... DEBU[0071] concatHash for apic-analytics is 08a28cf536ea058e5ae1fac1afffed9bf5f677a3a530a3bc3be004af8de6d829:7938ce8bd2043a23bb8cbef2067ebd044286bf7e8aa5bf7a21c497d4b4c06487 
DEBU[0071] appliedConcatHash for apic-analytics is 08a28cf536ea058e5ae1fac1afffed9bf5f677a3a530a3bc3be004af8de6d829:7938ce8bd2043a23bb8cbef2067ebd044286bf7e8aa5bf7a21c497d4b4c06487 
DEBU[0071] Wait conditions for apic-analytics: [map[type:service name:Analytics client svc:r1a68a36b02-analytics-client] map[name:Analytics ingestion svc:r1a68a36b02-analytics-ingestion type:service] map[name:Analytics storage svc:r1a68a36b02-analytics-storage type:service]] 
⠧    Wait for Analytics client service to come online... DEBU[0076] concatHash for apic-analytics is 08a28cf536ea058e5ae1fac1afffed9bf5f677a3a530a3bc3be004af8de6d829:7938ce8bd2043a23bb8cbef2067ebd044286bf7e8aa5bf7a21c497d4b4c06487 
DEBU[0076] appliedConcatHash for apic-analytics is 08a28cf536ea058e5ae1fac1afffed9bf5f677a3a530a3bc3be004af8de6d829:7938ce8bd2043a23bb8cbef2067ebd044286bf7e8aa5bf7a21c497d4b4c06487 
DEBU[0076] Wait conditions for apic-analytics: [map[name:Analytics client svc:r1a68a36b02-analytics-client type:service] map[name:Analytics ingestion svc:r1a68a36b02-analytics-ingestion type:service] map[name:Analytics storage svc:r1a68a36b02-analytics-storage type:service]] 
⠹    Wait for Analytics client service to come online... DEBU[0081] concatHash for apic-analytics is 08a28cf536ea058e5ae1fac1afffed9bf5f677a3a530a3bc3be004af8de6d829:7938ce8bd2043a23bb8cbef2067ebd044286bf7e8aa5bf7a21c497d4b4c06487 
DEBU[0081] appliedConcatHash for apic-analytics is 08a28cf536ea058e5ae1fac1afffed9bf5f677a3a530a3bc3be004af8de6d829:7938ce8bd2043a23bb8cbef2067ebd044286bf7e8aa5bf7a21c497d4b4c06487 
DEBU[0081] Wait conditions for apic-analytics: [map[name:Analytics client svc:r1a68a36b02-analytics-client type:service] map[svc:r1a68a36b02-analytics-ingestion type:service name:Analytics ingestion] map[name:Analytics storage svc:r1a68a36b02-analytics-storage type:service]] 
⠦    Wait for Analytics client service to come online... DEBU[0086] concatHash for apic-analytics is 08a28cf536ea058e5ae1fac1afffed9bf5f677a3a530a3bc3be004af8de6d829:7938ce8bd2043a23bb8cbef2067ebd044286bf7e8aa5bf7a21c497d4b4c06487 
DEBU[0086] appliedConcatHash for apic-analytics is 08a28cf536ea058e5ae1fac1afffed9bf5f677a3a530a3bc3be004af8de6d829:7938ce8bd2043a23bb8cbef2067ebd044286bf7e8aa5bf7a21c497d4b4c06487 
DEBU[0086] Wait conditions for apic-analytics: [map[name:Analytics client svc:r1a68a36b02-analytics-client type:service] map[name:Analytics ingestion svc:r1a68a36b02-analytics-ingestion type:service] map[name:Analytics storage svc:r1a68a36b02-analytics-storage type:service]] 
⠙    Wait for Analytics client service to come online... DEBU[0091] concatHash for apic-analytics is 08a28cf536ea058e5ae1fac1afffed9bf5f677a3a530a3bc3be004af8de6d829:7938ce8bd2043a23bb8cbef2067ebd044286bf7e8aa5bf7a21c497d4b4c06487 
DEBU[0091] appliedConcatHash for apic-analytics is 08a28cf536ea058e5ae1fac1afffed9bf5f677a3a530a3bc3be004af8de6d829:7938ce8bd2043a23bb8cbef2067ebd044286bf7e8aa5bf7a21c497d4b4c06487 
DEBU[0091] Wait conditions for apic-analytics: [map[name:Analytics client svc:r1a68a36b02-analytics-client type:service] map[name:Analytics ingestion svc:r1a68a36b02-analytics-ingestion type:service] map[svc:r1a68a36b02-analytics-storage type:service name:Analytics storage]] 
⠦    Wait for Analytics client service to come online... DEBU[0096] concatHash for apic-analytics is 08a28cf536ea058e5ae1fac1afffed9bf5f677a3a530a3bc3be004af8de6d829:7938ce8bd2043a23bb8cbef2067ebd044286bf7e8aa5bf7a21c497d4b4c06487 
DEBU[0096] appliedConcatHash for apic-analytics is 08a28cf536ea058e5ae1fac1afffed9bf5f677a3a530a3bc3be004af8de6d829:7938ce8bd2043a23bb8cbef2067ebd044286bf7e8aa5bf7a21c497d4b4c06487 
DEBU[0096] Wait conditions for apic-analytics: [map[name:Analytics client svc:r1a68a36b02-analytics-client type:service] map[name:Analytics ingestion svc:r1a68a36b02-analytics-ingestion type:service] map[name:Analytics storage svc:r1a68a36b02-analytics-storage type:service]] 
⠙    Wait for Analytics client service to come online... DEBU[0101] concatHash for apic-analytics is 08a28cf536ea058e5ae1fac1afffed9bf5f677a3a530a3bc3be004af8de6d829:7938ce8bd2043a23bb8cbef2067ebd044286bf7e8aa5bf7a21c497d4b4c06487 
DEBU[0101] appliedConcatHash for apic-analytics is 08a28cf536ea058e5ae1fac1afffed9bf5f677a3a530a3bc3be004af8de6d829:7938ce8bd2043a23bb8cbef2067ebd044286bf7e8aa5bf7a21c497d4b4c06487 
DEBU[0101] Wait conditions for apic-analytics: [map[name:Analytics client svc:r1a68a36b02-analytics-client type:service] map[name:Analytics ingestion svc:r1a68a36b02-analytics-ingestion type:service] map[name:Analytics storage svc:r1a68a36b02-analytics-storage type:service]] 
⠦    Wait for Analytics client service to come online... DEBU[0106] concatHash for apic-analytics is 08a28cf536ea058e5ae1fac1afffed9bf5f677a3a530a3bc3be004af8de6d829:7938ce8bd2043a23bb8cbef2067ebd044286bf7e8aa5bf7a21c497d4b4c06487 
DEBU[0106] appliedConcatHash for apic-analytics is 08a28cf536ea058e5ae1fac1afffed9bf5f677a3a530a3bc3be004af8de6d829:7938ce8bd2043a23bb8cbef2067ebd044286bf7e8aa5bf7a21c497d4b4c06487 
DEBU[0106] Wait conditions for apic-analytics: [map[name:Analytics client svc:r1a68a36b02-analytics-client type:service] map[name:Analytics ingestion svc:r1a68a36b02-analytics-ingestion type:service] map[name:Analytics storage svc:r1a68a36b02-analytics-storage type:service]] 
⠙    Wait for Analytics client service to come online... DEBU[0111] concatHash for apic-analytics is 08a28cf536ea058e5ae1fac1afffed9bf5f677a3a530a3bc3be004af8de6d829:7938ce8bd2043a23bb8cbef2067ebd044286bf7e8aa5bf7a21c497d4b4c06487 
DEBU[0111] appliedConcatHash for apic-analytics is 08a28cf536ea058e5ae1fac1afffed9bf5f677a3a530a3bc3be004af8de6d829:7938ce8bd2043a23bb8cbef2067ebd044286bf7e8aa5bf7a21c497d4b4c06487 
DEBU[0111] Wait conditions for apic-analytics: [map[name:Analytics client svc:r1a68a36b02-analytics-client type:service] map[name:Analytics ingestion svc:r1a68a36b02-analytics-ingestion type:service] map[name:Analytics storage svc:r1a68a36b02-analytics-storage type:service]] 
⠦    Wait for Analytics client service to come online... DEBU[0116] concatHash for apic-analytics is 08a28cf536ea058e5ae1fac1afffed9bf5f677a3a530a3bc3be004af8de6d829:7938ce8bd2043a23bb8cbef2067ebd044286bf7e8aa5bf7a21c497d4b4c06487 
DEBU[0116] appliedConcatHash for apic-analytics is 08a28cf536ea058e5ae1fac1afffed9bf5f677a3a530a3bc3be004af8de6d829:7938ce8bd2043a23bb8cbef2067ebd044286bf7e8aa5bf7a21c497d4b4c06487 
DEBU[0116] Wait conditions for apic-analytics: [map[name:Analytics client svc:r1a68a36b02-analytics-client type:service] map[name:Analytics ingestion svc:r1a68a36b02-analytics-ingestion type:service] map[name:Analytics storage svc:r1a68a36b02-analytics-storage type:service]] 
⠙    Wait for Analytics client service to come online... DEBU[0121] concatHash for apic-analytics is 08a28cf536ea058e5ae1fac1afffed9bf5f677a3a530a3bc3be004af8de6d829:7938ce8bd2043a23bb8cbef2067ebd044286bf7e8aa5bf7a21c497d4b4c06487 
DEBU[0121] appliedConcatHash for apic-analytics is 08a28cf536ea058e5ae1fac1afffed9bf5f677a3a530a3bc3be004af8de6d829:7938ce8bd2043a23bb8cbef2067ebd044286bf7e8aa5bf7a21c497d4b4c06487 
DEBU[0121] Wait conditions for apic-analytics: [map[name:Analytics client svc:r1a68a36b02-analytics-client type:service] map[svc:r1a68a36b02-analytics-ingestion type:service name:Analytics ingestion] map[name:Analytics storage svc:r1a68a36b02-analytics-storage type:service]] 
⠦    Wait for Analytics client service to come online... DEBU[0126] concatHash for apic-analytics is 08a28cf536ea058e5ae1fac1afffed9bf5f677a3a530a3bc3be004af8de6d829:7938ce8bd2043a23bb8cbef2067ebd044286bf7e8aa5bf7a21c497d4b4c06487 
DEBU[0126] appliedConcatHash for apic-analytics is 08a28cf536ea058e5ae1fac1afffed9bf5f677a3a530a3bc3be004af8de6d829:7938ce8bd2043a23bb8cbef2067ebd044286bf7e8aa5bf7a21c497d4b4c06487 
DEBU[0126] Wait conditions for apic-analytics: [map[name:Analytics client svc:r1a68a36b02-analytics-client type:service] map[name:Analytics ingestion svc:r1a68a36b02-analytics-ingestion type:service] map[name:Analytics storage svc:r1a68a36b02-analytics-storage type:service]] 
⠙    Wait for Analytics client service to come online... DEBU[0131] concatHash for apic-analytics is 08a28cf536ea058e5ae1fac1afffed9bf5f677a3a530a3bc3be004af8de6d829:7938ce8bd2043a23bb8cbef2067ebd044286bf7e8aa5bf7a21c497d4b4c06487 
DEBU[0131] appliedConcatHash for apic-analytics is 08a28cf536ea058e5ae1fac1afffed9bf5f677a3a530a3bc3be004af8de6d829:7938ce8bd2043a23bb8cbef2067ebd044286bf7e8aa5bf7a21c497d4b4c06487 
DEBU[0131] Wait conditions for apic-analytics: [map[name:Analytics client svc:r1a68a36b02-analytics-client type:service] map[name:Analytics ingestion svc:r1a68a36b02-analytics-ingestion type:service] map[name:Analytics storage svc:r1a68a36b02-analytics-storage type:service]] 
⠦    Wait for Analytics client service to come online... DEBU[0136] concatHash for apic-analytics is 08a28cf536ea058e5ae1fac1afffed9bf5f677a3a530a3bc3be004af8de6d829:7938ce8bd2043a23bb8cbef2067ebd044286bf7e8aa5bf7a21c497d4b4c06487 
DEBU[0136] appliedConcatHash for apic-analytics is 08a28cf536ea058e5ae1fac1afffed9bf5f677a3a530a3bc3be004af8de6d829:7938ce8bd2043a23bb8cbef2067ebd044286bf7e8aa5bf7a21c497d4b4c06487 
DEBU[0136] Wait conditions for apic-analytics: [map[name:Analytics client svc:r1a68a36b02-analytics-client type:service] map[name:Analytics ingestion svc:r1a68a36b02-analytics-ingestion type:service] map[name:Analytics storage svc:r1a68a36b02-analytics-storage type:service]] 
⠙    Wait for Analytics client service to come online... DEBU[0141] concatHash for apic-analytics is 08a28cf536ea058e5ae1fac1afffed9bf5f677a3a530a3bc3be004af8de6d829:7938ce8bd2043a23bb8cbef2067ebd044286bf7e8aa5bf7a21c497d4b4c06487 
DEBU[0141] appliedConcatHash for apic-analytics is 08a28cf536ea058e5ae1fac1afffed9bf5f677a3a530a3bc3be004af8de6d829:7938ce8bd2043a23bb8cbef2067ebd044286bf7e8aa5bf7a21c497d4b4c06487 
DEBU[0141] Wait conditions for apic-analytics: [map[name:Analytics client svc:r1a68a36b02-analytics-client type:service] map[name:Analytics ingestion svc:r1a68a36b02-analytics-ingestion type:service] map[name:Analytics storage svc:r1a68a36b02-analytics-storage type:service]] 
⠦    Wait for Analytics client service to come online... DEBU[0146] concatHash for apic-analytics is 08a28cf536ea058e5ae1fac1afffed9bf5f677a3a530a3bc3be004af8de6d829:7938ce8bd2043a23bb8cbef2067ebd044286bf7e8aa5bf7a21c497d4b4c06487 
DEBU[0146] appliedConcatHash for apic-analytics is 08a28cf536ea058e5ae1fac1afffed9bf5f677a3a530a3bc3be004af8de6d829:7938ce8bd2043a23bb8cbef2067ebd044286bf7e8aa5bf7a21c497d4b4c06487 
DEBU[0146] Wait conditions for apic-analytics: [map[svc:r1a68a36b02-analytics-client type:service name:Analytics client] map[name:Analytics ingestion svc:r1a68a36b02-analytics-ingestion type:service] map[name:Analytics storage svc:r1a68a36b02-analytics-storage type:service]] 
⠙    Wait for Analytics client service to come online... DEBU[0151] concatHash for apic-analytics is 08a28cf536ea058e5ae1fac1afffed9bf5f677a3a530a3bc3be004af8de6d829:7938ce8bd2043a23bb8cbef2067ebd044286bf7e8aa5bf7a21c497d4b4c06487 
DEBU[0151] appliedConcatHash for apic-analytics is 08a28cf536ea058e5ae1fac1afffed9bf5f677a3a530a3bc3be004af8de6d829:7938ce8bd2043a23bb8cbef2067ebd044286bf7e8aa5bf7a21c497d4b4c06487 
DEBU[0151] Wait conditions for apic-analytics: [map[name:Analytics client svc:r1a68a36b02-analytics-client type:service] map[name:Analytics ingestion svc:r1a68a36b02-analytics-ingestion type:service] map[name:Analytics storage svc:r1a68a36b02-analytics-storage type:service]] 
⠦    Wait for Analytics client service to come online... DEBU[0156] concatHash for apic-analytics is 08a28cf536ea058e5ae1fac1afffed9bf5f677a3a530a3bc3be004af8de6d829:7938ce8bd2043a23bb8cbef2067ebd044286bf7e8aa5bf7a21c497d4b4c06487 
DEBU[0156] appliedConcatHash for apic-analytics is 08a28cf536ea058e5ae1fac1afffed9bf5f677a3a530a3bc3be004af8de6d829:7938ce8bd2043a23bb8cbef2067ebd044286bf7e8aa5bf7a21c497d4b4c06487 
DEBU[0156] Wait conditions for apic-analytics: [map[name:Analytics client svc:r1a68a36b02-analytics-client type:service] map[name:Analytics ingestion svc:r1a68a36b02-analytics-ingestion type:service] map[name:Analytics storage svc:r1a68a36b02-analytics-storage type:service]] 
⠙    Wait for Analytics client service to come online... DEBU[0161] concatHash for apic-analytics is 08a28cf536ea058e5ae1fac1afffed9bf5f677a3a530a3bc3be004af8de6d829:7938ce8bd2043a23bb8cbef2067ebd044286bf7e8aa5bf7a21c497d4b4c06487 
DEBU[0161] appliedConcatHash for apic-analytics is 08a28cf536ea058e5ae1fac1afffed9bf5f677a3a530a3bc3be004af8de6d829:7938ce8bd2043a23bb8cbef2067ebd044286bf7e8aa5bf7a21c497d4b4c06487 
DEBU[0161] Wait conditions for apic-analytics: [map[name:Analytics client svc:r1a68a36b02-analytics-client type:service] map[name:Analytics ingestion svc:r1a68a36b02-analytics-ingestion type:service] map[name:Analytics storage svc:r1a68a36b02-analytics-storage type:service]] 
⠴    Wait for Analytics client service to come online... DEBU[0166] concatHash for apic-analytics is 08a28cf536ea058e5ae1fac1afffed9bf5f677a3a530a3bc3be004af8de6d829:7938ce8bd2043a23bb8cbef2067ebd044286bf7e8aa5bf7a21c497d4b4c06487 
DEBU[0166] appliedConcatHash for apic-analytics is 08a28cf536ea058e5ae1fac1afffed9bf5f677a3a530a3bc3be004af8de6d829:7938ce8bd2043a23bb8cbef2067ebd044286bf7e8aa5bf7a21c497d4b4c06487 
DEBU[0166] Wait conditions for apic-analytics: [map[name:Analytics client svc:r1a68a36b02-analytics-client type:service] map[name:Analytics ingestion svc:r1a68a36b02-analytics-ingestion type:service] map[name:Analytics storage svc:r1a68a36b02-analytics-storage type:service]] 
⠋    Wait for Analytics client service to come online... DEBU[0171] concatHash for apic-analytics is 08a28cf536ea058e5ae1fac1afffed9bf5f677a3a530a3bc3be004af8de6d829:7938ce8bd2043a23bb8cbef2067ebd044286bf7e8aa5bf7a21c497d4b4c06487 
DEBU[0171] appliedConcatHash for apic-analytics is 08a28cf536ea058e5ae1fac1afffed9bf5f677a3a530a3bc3be004af8de6d829:7938ce8bd2043a23bb8cbef2067ebd044286bf7e8aa5bf7a21c497d4b4c06487 
DEBU[0171] Wait conditions for apic-analytics: [map[svc:r1a68a36b02-analytics-client type:service name:Analytics client] map[name:Analytics ingestion svc:r1a68a36b02-analytics-ingestion type:service] map[name:Analytics storage svc:r1a68a36b02-analytics-storage type:service]] 
⠴    Wait for Analytics client service to come online... DEBU[0176] concatHash for apic-analytics is 08a28cf536ea058e5ae1fac1afffed9bf5f677a3a530a3bc3be004af8de6d829:7938ce8bd2043a23bb8cbef2067ebd044286bf7e8aa5bf7a21c497d4b4c06487 
DEBU[0176] appliedConcatHash for apic-analytics is 08a28cf536ea058e5ae1fac1afffed9bf5f677a3a530a3bc3be004af8de6d829:7938ce8bd2043a23bb8cbef2067ebd044286bf7e8aa5bf7a21c497d4b4c06487 
DEBU[0176] Wait conditions for apic-analytics: [map[name:Analytics client svc:r1a68a36b02-analytics-client type:service] map[name:Analytics ingestion svc:r1a68a36b02-analytics-ingestion type:service] map[name:Analytics storage svc:r1a68a36b02-analytics-storage type:service]] 
⠋    Wait for Analytics client service to come online... DEBU[0181] concatHash for apic-analytics is 08a28cf536ea058e5ae1fac1afffed9bf5f677a3a530a3bc3be004af8de6d829:7938ce8bd2043a23bb8cbef2067ebd044286bf7e8aa5bf7a21c497d4b4c06487 
DEBU[0181] appliedConcatHash for apic-analytics is 08a28cf536ea058e5ae1fac1afffed9bf5f677a3a530a3bc3be004af8de6d829:7938ce8bd2043a23bb8cbef2067ebd044286bf7e8aa5bf7a21c497d4b4c06487 
DEBU[0181] Wait conditions for apic-analytics: [map[name:Analytics client svc:r1a68a36b02-analytics-client type:service] map[name:Analytics ingestion svc:r1a68a36b02-analytics-ingestion type:service] map[name:Analytics storage svc:r1a68a36b02-analytics-storage type:service]] 
⠴    Wait for Analytics client service to come online... DEBU[0186] concatHash for apic-analytics is 08a28cf536ea058e5ae1fac1afffed9bf5f677a3a530a3bc3be004af8de6d829:7938ce8bd2043a23bb8cbef2067ebd044286bf7e8aa5bf7a21c497d4b4c06487 
DEBU[0186] appliedConcatHash for apic-analytics is 08a28cf536ea058e5ae1fac1afffed9bf5f677a3a530a3bc3be004af8de6d829:7938ce8bd2043a23bb8cbef2067ebd044286bf7e8aa5bf7a21c497d4b4c06487 
DEBU[0186] Wait conditions for apic-analytics: [map[svc:r1a68a36b02-analytics-client type:service name:Analytics client] map[name:Analytics ingestion svc:r1a68a36b02-analytics-ingestion type:service] map[name:Analytics storage svc:r1a68a36b02-analytics-storage type:service]] 
⠋    Wait for Analytics client service to come online... DEBU[0191] concatHash for apic-analytics is 08a28cf536ea058e5ae1fac1afffed9bf5f677a3a530a3bc3be004af8de6d829:7938ce8bd2043a23bb8cbef2067ebd044286bf7e8aa5bf7a21c497d4b4c06487 
DEBU[0191] appliedConcatHash for apic-analytics is 08a28cf536ea058e5ae1fac1afffed9bf5f677a3a530a3bc3be004af8de6d829:7938ce8bd2043a23bb8cbef2067ebd044286bf7e8aa5bf7a21c497d4b4c06487 
DEBU[0191] Wait conditions for apic-analytics: [map[name:Analytics client svc:r1a68a36b02-analytics-client type:service] map[name:Analytics ingestion svc:r1a68a36b02-analytics-ingestion type:service] map[name:Analytics storage svc:r1a68a36b02-analytics-storage type:service]] 
⠴    Wait for Analytics client service to come online... DEBU[0196] concatHash for apic-analytics is 08a28cf536ea058e5ae1fac1afffed9bf5f677a3a530a3bc3be004af8de6d829:7938ce8bd2043a23bb8cbef2067ebd044286bf7e8aa5bf7a21c497d4b4c06487 
DEBU[0196] appliedConcatHash for apic-analytics is 08a28cf536ea058e5ae1fac1afffed9bf5f677a3a530a3bc3be004af8de6d829:7938ce8bd2043a23bb8cbef2067ebd044286bf7e8aa5bf7a21c497d4b4c06487 
DEBU[0196] Wait conditions for apic-analytics: [map[name:Analytics client svc:r1a68a36b02-analytics-client type:service] map[name:Analytics ingestion svc:r1a68a36b02-analytics-ingestion type:service] map[svc:r1a68a36b02-analytics-storage type:service name:Analytics storage]] 
⠋    Wait for Analytics client service to come online... DEBU[0201] concatHash for apic-analytics is 08a28cf536ea058e5ae1fac1afffed9bf5f677a3a530a3bc3be004af8de6d829:7938ce8bd2043a23bb8cbef2067ebd044286bf7e8aa5bf7a21c497d4b4c06487 
DEBU[0201] appliedConcatHash for apic-analytics is 08a28cf536ea058e5ae1fac1afffed9bf5f677a3a530a3bc3be004af8de6d829:7938ce8bd2043a23bb8cbef2067ebd044286bf7e8aa5bf7a21c497d4b4c06487 
DEBU[0201] Wait conditions for apic-analytics: [map[type:service name:Analytics client svc:r1a68a36b02-analytics-client] map[name:Analytics ingestion svc:r1a68a36b02-analytics-ingestion type:service] map[name:Analytics storage svc:r1a68a36b02-analytics-storage type:service]] 
⠴    Wait for Analytics client service to come online... DEBU[0206] concatHash for apic-analytics is 08a28cf536ea058e5ae1fac1afffed9bf5f677a3a530a3bc3be004af8de6d829:7938ce8bd2043a23bb8cbef2067ebd044286bf7e8aa5bf7a21c497d4b4c06487 
DEBU[0206] appliedConcatHash for apic-analytics is 08a28cf536ea058e5ae1fac1afffed9bf5f677a3a530a3bc3be004af8de6d829:7938ce8bd2043a23bb8cbef2067ebd044286bf7e8aa5bf7a21c497d4b4c06487 
DEBU[0206] Wait conditions for apic-analytics: [map[name:Analytics client svc:r1a68a36b02-analytics-client type:service] map[name:Analytics ingestion svc:r1a68a36b02-analytics-ingestion type:service] map[type:service name:Analytics storage svc:r1a68a36b02-analytics-storage]] 
⠋    Wait for Analytics client service to come online... DEBU[0211] concatHash for apic-analytics is 08a28cf536ea058e5ae1fac1afffed9bf5f677a3a530a3bc3be004af8de6d829:7938ce8bd2043a23bb8cbef2067ebd044286bf7e8aa5bf7a21c497d4b4c06487 
DEBU[0211] appliedConcatHash for apic-analytics is 08a28cf536ea058e5ae1fac1afffed9bf5f677a3a530a3bc3be004af8de6d829:7938ce8bd2043a23bb8cbef2067ebd044286bf7e8aa5bf7a21c497d4b4c06487 
DEBU[0211] Wait conditions for apic-analytics: [map[type:service name:Analytics client svc:r1a68a36b02-analytics-client] map[name:Analytics ingestion svc:r1a68a36b02-analytics-ingestion type:service] map[svc:r1a68a36b02-analytics-storage type:service name:Analytics storage]] 
DEBU[0211] r1a68a36b02-analytics-client service online  
DEBU[0211] r1a68a36b02-analytics-ingestion service online 
DEBU[0211] r1a68a36b02-analytics-storage service online 
Analytics client service online
