Expanding archive
OK

Importing docker images
  Processing image: apiconnect-operator:2018-11-08-14-48-04-cd79ab014fa3e021555865534582a83a44e0ca0f
    Loading Image
    Tagging Image
    Pushing image as: devcluster.icp:8500/apiconnect/apiconnect-operator:2018-11-08-14-48-04-cd79ab014fa3e021555865534582a83a44e0ca0f
Pushing image devcluster.icp:8500/apiconnect/apiconnect-operator:2018-11-08-14-48-04-cd79ab014fa3e021555865534582a83a44e0ca0f
  Processing image: openresty:alpine
    Loading Image
    Tagging Image
    Pushing image as: devcluster.icp:8500/apiconnect/openresty:alpine
Pushing image devcluster.icp:8500/apiconnect/openresty:alpine
  Processing image: analytics-client:2018-10-18-17-32-08-ba640482b2659c37905271d6a318fa0fc902aebd
    Loading Image
    Tagging Image
    Pushing image as: devcluster.icp:8500/apiconnect/analytics-client:2018-10-18-17-32-08-ba640482b2659c37905271d6a318fa0fc902aebd
Pushing image devcluster.icp:8500/apiconnect/analytics-client:2018-10-18-17-32-08-ba640482b2659c37905271d6a318fa0fc902aebd
  Processing image: analytics-ingestion:2018-10-18-16-30-44-e1d907e8c985a9fbc26e2b46406c2c43cab7301c
    Loading Image
    Tagging Image
    Pushing image as: devcluster.icp:8500/apiconnect/analytics-ingestion:2018-10-18-16-30-44-e1d907e8c985a9fbc26e2b46406c2c43cab7301c
Pushing image devcluster.icp:8500/apiconnect/analytics-ingestion:2018-10-18-16-30-44-e1d907e8c985a9fbc26e2b46406c2c43cab7301c
  Processing image: analytics-mq-kafka:2018-09-16-15-09-01-b2a410ec6ed2c96522c8a58cea4259952b4f132b
    Loading Image
    Tagging Image
    Pushing image as: devcluster.icp:8500/apiconnect/analytics-mq-kafka:2018-09-16-15-09-01-b2a410ec6ed2c96522c8a58cea4259952b4f132b
Pushing image devcluster.icp:8500/apiconnect/analytics-mq-kafka:2018-09-16-15-09-01-b2a410ec6ed2c96522c8a58cea4259952b4f132b
  Processing image: busybox:latest
    Loading Image
    Tagging Image
    Pushing image as: devcluster.icp:8500/apiconnect/busybox:latest
Pushing image devcluster.icp:8500/apiconnect/busybox:latest
  Processing image: analytics-mq-zookeeper:2018-09-16-15-09-01-b2a410ec6ed2c96522c8a58cea4259952b4f132b
    Loading Image
    Tagging Image
    Pushing image as: devcluster.icp:8500/apiconnect/analytics-mq-zookeeper:2018-09-16-15-09-01-b2a410ec6ed2c96522c8a58cea4259952b4f132b
Pushing image devcluster.icp:8500/apiconnect/analytics-mq-zookeeper:2018-09-16-15-09-01-b2a410ec6ed2c96522c8a58cea4259952b4f132b
  Processing image: analytics-storage:2018-10-18-16-31-01-e929343b630608264f7cc89dda343d64806ac548
    Loading Image
    Tagging Image
    Pushing image as: devcluster.icp:8500/apiconnect/analytics-storage:2018-10-18-16-31-01-e929343b630608264f7cc89dda343d64806ac548
Pushing image devcluster.icp:8500/apiconnect/analytics-storage:2018-10-18-16-31-01-e929343b630608264f7cc89dda343d64806ac548
  Processing image: analytics-cronjobs:2018-09-16-10-25-01-c6eb12941185cb9dd9f66f1a7fad761e8cf18dcf
    Loading Image
    Tagging Image
    Pushing image as: devcluster.icp:8500/apiconnect/analytics-cronjobs:2018-09-16-10-25-01-c6eb12941185cb9dd9f66f1a7fad761e8cf18dcf
Pushing image devcluster.icp:8500/apiconnect/analytics-cronjobs:2018-09-16-10-25-01-c6eb12941185cb9dd9f66f1a7fad761e8cf18dcf
OK

Uploading helm charts
  Processing chart: charts/ibm-apiconnect-ent-2.1.0.tgz
  Updating chart values.yaml
  Uploading chart
Loaded helm chart
OK

Synch charts
Synch started
OK

Archive finished processing
Expanding archive
OK

Importing docker images
  Processing image: apiconnect-operator:2018-11-08-14-48-04-cd79ab014fa3e021555865534582a83a44e0ca0f
    Loading Image
    Tagging Image
    Pushing image as: devcluster.icp:8500/apiconnect/apiconnect-operator:2018-11-08-14-48-04-cd79ab014fa3e021555865534582a83a44e0ca0f
Pushing image devcluster.icp:8500/apiconnect/apiconnect-operator:2018-11-08-14-48-04-cd79ab014fa3e021555865534582a83a44e0ca0f
  Processing image: datapower-api-gateway:2018.4.1.0-304317-release
    Loading Image
    Tagging Image
    Pushing image as: devcluster.icp:8500/apiconnect/datapower-api-gateway:2018.4.1.0-304317-release
Pushing image devcluster.icp:8500/apiconnect/datapower-api-gateway:2018.4.1.0-304317-release
  Processing image: busybox:1.29-glibc
    Loading Image
    Tagging Image
    Pushing image as: devcluster.icp:8500/apiconnect/busybox:1.29-glibc
Pushing image devcluster.icp:8500/apiconnect/busybox:1.29-glibc
OK

Uploading helm charts
  Processing chart: charts/ibm-apiconnect-ent-2.1.0.tgz
  Updating chart values.yaml
  Uploading chart
Loaded helm chart
OK

Synch charts
Synch started
OK

Archive finished processing
Expanding archive
OK

FAILED
open /tmp/icp957974550/ibm-apiconnect-ent/manifest.json: no such file or directory
Expanding archive
OK

Importing docker images
  Processing image: apiconnect-operator:2018-11-08-14-48-04-cd79ab014fa3e021555865534582a83a44e0ca0f
    Loading Image
    Tagging Image
    Pushing image as: devcluster.icp:8500/apiconnect/apiconnect-operator:2018-11-08-14-48-04-cd79ab014fa3e021555865534582a83a44e0ca0f
Pushing image devcluster.icp:8500/apiconnect/apiconnect-operator:2018-11-08-14-48-04-cd79ab014fa3e021555865534582a83a44e0ca0f
  Processing image: cassandra:2018-10-27-11-34-27-b30560eb3775c558f8438abb8e084ed97ca8a34f
    Loading Image
    Tagging Image
    Pushing image as: devcluster.icp:8500/apiconnect/cassandra:2018-10-27-11-34-27-b30560eb3775c558f8438abb8e084ed97ca8a34f
Pushing image devcluster.icp:8500/apiconnect/cassandra:2018-10-27-11-34-27-b30560eb3775c558f8438abb8e084ed97ca8a34f
  Processing image: busybox:latest
    Loading Image
    Tagging Image
    Pushing image as: devcluster.icp:8500/apiconnect/busybox:latest
Pushing image devcluster.icp:8500/apiconnect/busybox:latest
  Processing image: analytics-proxy:2018-09-26-23-48-34-2018.4.1-0-ge8c53d0
    Loading Image
    Tagging Image
    Pushing image as: devcluster.icp:8500/apiconnect/analytics-proxy:2018-09-26-23-48-34-2018.4.1-0-ge8c53d0
Pushing image devcluster.icp:8500/apiconnect/analytics-proxy:2018-09-26-23-48-34-2018.4.1-0-ge8c53d0
  Processing image: apim:2018.4.1-223-5e98505
    Loading Image
    Tagging Image
    Pushing image as: devcluster.icp:8500/apiconnect/apim:2018.4.1-223-5e98505
Pushing image devcluster.icp:8500/apiconnect/apim:2018.4.1-223-5e98505
  Processing image: cassandra-health-check:2018-10-05-14-54-30-master-0-g335e592
    Loading Image
    Tagging Image
    Pushing image as: devcluster.icp:8500/apiconnect/cassandra-health-check:2018-10-05-14-54-30-master-0-g335e592
Pushing image devcluster.icp:8500/apiconnect/cassandra-health-check:2018-10-05-14-54-30-master-0-g335e592
  Processing image: client-downloads-server:2018-11-07-20-07-57-2018.4.1-0-g352d2a0
    Loading Image
    Tagging Image
    Pushing image as: devcluster.icp:8500/apiconnect/client-downloads-server:2018-11-07-20-07-57-2018.4.1-0-g352d2a0
Pushing image devcluster.icp:8500/apiconnect/client-downloads-server:2018-11-07-20-07-57-2018.4.1-0-g352d2a0
  Processing image: juhu:2018-11-05-17-23-33-2018.4.1-0-g42e882b
    Loading Image
    Tagging Image
    Pushing image as: devcluster.icp:8500/apiconnect/juhu:2018-11-05-17-23-33-2018.4.1-0-g42e882b
Pushing image devcluster.icp:8500/apiconnect/juhu:2018-11-05-17-23-33-2018.4.1-0-g42e882b
  Processing image: busybox:latest
    Loading Image
    Tagging Image
    Pushing image as: devcluster.icp:8500/apiconnect/busybox:latest
Pushing image devcluster.icp:8500/apiconnect/busybox:latest
  Processing image: ldap:2018.4.1-93-9b8dba3
    Loading Image
    Tagging Image
    Pushing image as: devcluster.icp:8500/apiconnect/ldap:2018.4.1-93-9b8dba3
Pushing image devcluster.icp:8500/apiconnect/ldap:2018.4.1-93-9b8dba3
  Processing image: lur:2018.4.1-115-530d085
    Loading Image
    Tagging Image
    Pushing image as: devcluster.icp:8500/apiconnect/lur:2018.4.1-115-530d085
Pushing image devcluster.icp:8500/apiconnect/lur:2018.4.1-115-530d085
  Processing image: cassandra-health-check:2018-10-05-14-54-30-master-0-g335e592
    Loading Image
    Tagging Image
    Pushing image as: devcluster.icp:8500/apiconnect/cassandra-health-check:2018-10-05-14-54-30-master-0-g335e592
Pushing image devcluster.icp:8500/apiconnect/cassandra-health-check:2018-10-05-14-54-30-master-0-g335e592
  Processing image: ui:2018-11-07-19-50-36-609f9be9b9798039d37171b6cb91fed59f336f4f
    Loading Image
    Tagging Image
    Pushing image as: devcluster.icp:8500/apiconnect/ui:2018-11-07-19-50-36-609f9be9b9798039d37171b6cb91fed59f336f4f
Pushing image devcluster.icp:8500/apiconnect/ui:2018-11-07-19-50-36-609f9be9b9798039d37171b6cb91fed59f336f4f
  Processing image: cassandra-operator:2018-10-27-11-34-27-b30560eb3775c558f8438abb8e084ed97ca8a34f
    Loading Image
    Tagging Image
    Pushing image as: devcluster.icp:8500/apiconnect/cassandra-operator:2018-10-27-11-34-27-b30560eb3775c558f8438abb8e084ed97ca8a34f
Pushing image devcluster.icp:8500/apiconnect/cassandra-operator:2018-10-27-11-34-27-b30560eb3775c558f8438abb8e084ed97ca8a34f
  Processing image: cassandra:2018-10-27-11-34-27-b30560eb3775c558f8438abb8e084ed97ca8a34f
    Loading Image
    Tagging Image
    Pushing image as: devcluster.icp:8500/apiconnect/cassandra:2018-10-27-11-34-27-b30560eb3775c558f8438abb8e084ed97ca8a34f
Pushing image devcluster.icp:8500/apiconnect/cassandra:2018-10-27-11-34-27-b30560eb3775c558f8438abb8e084ed97ca8a34f
OK

Uploading helm charts
  Processing chart: charts/ibm-apiconnect-ent-2.1.0.tgz
  Updating chart values.yaml
  Uploading chart
Loaded helm chart
OK

Synch charts
Synch started
OK

Archive finished processing
Expanding archive
OK

Importing docker images
  Processing image: apiconnect-operator:2018-11-08-14-48-04-cd79ab014fa3e021555865534582a83a44e0ca0f
    Loading Image
    Tagging Image
    Pushing image as: devcluster.icp:8500/apiconnect/apiconnect-operator:2018-11-08-14-48-04-cd79ab014fa3e021555865534582a83a44e0ca0f
Pushing image devcluster.icp:8500/apiconnect/apiconnect-operator:2018-11-08-14-48-04-cd79ab014fa3e021555865534582a83a44e0ca0f
  Processing image: portal-db:2018.4.1-f865ad3c9997f273c0d3e62200f4fedc6aa0880a-68
    Loading Image
    Tagging Image
    Pushing image as: devcluster.icp:8500/apiconnect/portal-db:2018.4.1-f865ad3c9997f273c0d3e62200f4fedc6aa0880a-68
Pushing image devcluster.icp:8500/apiconnect/portal-db:2018.4.1-f865ad3c9997f273c0d3e62200f4fedc6aa0880a-68
  Processing image: portal-dbproxy:2018.4.1-f865ad3c9997f273c0d3e62200f4fedc6aa0880a-68
    Loading Image
    Tagging Image
    Pushing image as: devcluster.icp:8500/apiconnect/portal-dbproxy:2018.4.1-f865ad3c9997f273c0d3e62200f4fedc6aa0880a-68
Pushing image devcluster.icp:8500/apiconnect/portal-dbproxy:2018.4.1-f865ad3c9997f273c0d3e62200f4fedc6aa0880a-68
  Processing image: portal-admin:2018.4.1-385444eb87824c93e42c85412af8088eac8c7bb9-342
    Loading Image
    Tagging Image
    Pushing image as: devcluster.icp:8500/apiconnect/portal-admin:2018.4.1-385444eb87824c93e42c85412af8088eac8c7bb9-342
Pushing image devcluster.icp:8500/apiconnect/portal-admin:2018.4.1-385444eb87824c93e42c85412af8088eac8c7bb9-342
  Processing image: portal-web:2018.4.1-385444eb87824c93e42c85412af8088eac8c7bb9-342
    Loading Image
    Tagging Image
    Pushing image as: devcluster.icp:8500/apiconnect/portal-web:2018.4.1-385444eb87824c93e42c85412af8088eac8c7bb9-342
Pushing image devcluster.icp:8500/apiconnect/portal-web:2018.4.1-385444eb87824c93e42c85412af8088eac8c7bb9-342
  Processing image: openresty:alpine
    Loading Image
    Tagging Image
    Pushing image as: devcluster.icp:8500/apiconnect/openresty:alpine
Pushing image devcluster.icp:8500/apiconnect/openresty:alpine
  Processing image: portal-job-alpine:master-latest
    Loading Image
    Tagging Image
    Pushing image as: devcluster.icp:8500/apiconnect/portal-job-alpine:master-latest
Pushing image devcluster.icp:8500/apiconnect/portal-job-alpine:master-latest
OK

Uploading helm charts
  Processing chart: charts/ibm-apiconnect-ent-2.1.0.tgz
  Updating chart values.yaml
  Uploading chart
Loaded helm chart
OK

Synch charts
Synch started
OK

Archive finished processing